TN:
SF:src\app\app-routing.module.ts
FNF:0
FNH:0
DA:6,1
DA:11,1
LF:2
LH:2
BRF:0
BRH:0
end_of_record
TN:
SF:src\app\app.component.ts
FNF:0
FNH:0
DA:8,1
DA:9,2
LF:2
LH:2
BRF:0
BRH:0
end_of_record
TN:
SF:src\app\modules\bookings\bookings-routing.module.ts
FNF:0
FNH:0
DA:7,1
DA:16,1
LF:2
LH:2
BRF:0
BRH:0
end_of_record
TN:
SF:src\app\modules\bookings\components\booking-list\booking-list.component.ts
FN:15,(anonymous_0)
FN:23,(anonymous_1)
FN:30,(anonymous_2)
FN:32,(anonymous_3)
FN:35,(anonymous_4)
FN:43,(anonymous_5)
FN:53,(anonymous_6)
FN:54,(anonymous_7)
FNF:8
FNH:3
FNDA:2,(anonymous_0)
FNDA:2,(anonymous_1)
FNDA:0,(anonymous_2)
FNDA:0,(anonymous_3)
FNDA:0,(anonymous_4)
FNDA:1,(anonymous_5)
FNDA:0,(anonymous_6)
FNDA:0,(anonymous_7)
DA:13,1
DA:16,2
DA:17,2
DA:19,2
DA:24,2
DA:25,2
DA:26,2
DA:27,2
DA:31,0
DA:32,0
DA:36,0
DA:37,0
DA:41,2
DA:44,1
DA:45,1
DA:47,1
DA:48,1
DA:49,0
DA:53,0
DA:55,0
DA:58,0
LF:21
LH:13
BRDA:47,0,0,1
BRF:1
BRH:1
end_of_record
TN:
SF:src\app\modules\bookings\components\ticket-details\ticket-details.component.ts
FN:15,(anonymous_0)
FN:20,(anonymous_1)
FN:22,(anonymous_2)
FN:27,(anonymous_3)
FN:31,(anonymous_4)
FNF:5
FNH:3
FNDA:2,(anonymous_0)
FNDA:2,(anonymous_1)
FNDA:2,(anonymous_2)
FNDA:0,(anonymous_3)
FNDA:0,(anonymous_4)
DA:11,1
DA:16,2
DA:17,2
DA:22,2
DA:23,2
DA:24,2
DA:28,0
DA:29,0
DA:32,0
DA:33,0
DA:34,0
DA:35,0
DA:36,0
DA:37,0
LF:14
LH:6
BRDA:33,0,0,0
BRDA:33,0,1,0
BRDA:35,1,0,0
BRF:3
BRH:0
end_of_record
TN:
SF:src\app\modules\bookings\services\http-booking-service.ts
FN:16,(anonymous_0)
FN:21,(anonymous_1)
FN:24,(anonymous_2)
FN:29,(anonymous_3)
FN:32,(anonymous_4)
FN:36,(anonymous_5)
FN:45,(anonymous_6)
FN:52,(anonymous_7)
FN:55,(anonymous_8)
FNF:9
FNH:6
FNDA:21,(anonymous_0)
FNDA:1,(anonymous_1)
FNDA:1,(anonymous_2)
FNDA:1,(anonymous_3)
FNDA:3,(anonymous_4)
FNDA:3,(anonymous_5)
FNDA:0,(anonymous_6)
FNDA:0,(anonymous_7)
FNDA:0,(anonymous_8)
DA:9,1
DA:14,1
DA:17,21
DA:18,21
DA:22,1
DA:25,1
DA:26,1
DA:30,1
DA:33,3
DA:37,3
DA:46,0
DA:54,0
DA:55,0
LF:13
LH:10
BRF:0
BRH:0
end_of_record
TN:
SF:src\app\modules\bookings\test-data\db-book.ts
FNF:0
FNH:0
DA:1,1
DA:36,1
LF:2
LH:2
BRF:0
BRH:0
end_of_record
TN:
SF:src\app\modules\core\core-routing.module.ts
FNF:0
FNH:0
DA:5,1
DA:12,1
LF:2
LH:2
BRF:0
BRH:0
end_of_record
TN:
SF:src\app\modules\core\components\footer\footer.component.ts
FN:10,(anonymous_0)
FN:12,(anonymous_1)
FNF:2
FNH:2
FNDA:1,(anonymous_0)
FNDA:1,(anonymous_1)
DA:8,1
LF:1
LH:1
BRF:0
BRH:0
end_of_record
TN:
SF:src\app\modules\core\components\header\header.component.ts
FN:10,(anonymous_0)
FN:12,(anonymous_1)
FNF:2
FNH:2
FNDA:2,(anonymous_0)
FNDA:2,(anonymous_1)
DA:8,1
DA:11,2
LF:2
LH:2
BRF:0
BRH:0
end_of_record
TN:
SF:src\app\modules\core\components\home\home.component.ts
FN:14,(anonymous_0)
FN:15,(anonymous_1)
FN:24,(anonymous_2)
FN:28,(anonymous_3)
FN:34,(anonymous_4)
FNF:5
FNH:2
FNDA:2,(anonymous_0)
FNDA:2,(anonymous_1)
FNDA:0,(anonymous_2)
FNDA:0,(anonymous_3)
FNDA:0,(anonymous_4)
DA:11,1
DA:14,2
DA:19,2
DA:21,2
DA:26,0
DA:28,0
DA:36,0
LF:7
LH:4
BRF:0
BRH:0
end_of_record
TN:
SF:src\app\modules\core\guards\auth.guard.ts
FN:10,(anonymous_0)
FN:11,(anonymous_1)
FNF:2
FNH:1
FNDA:1,(anonymous_0)
FNDA:0,(anonymous_1)
DA:9,1
DA:10,1
DA:14,0
DA:15,0
DA:16,0
DA:19,0
LF:6
LH:2
BRDA:15,0,0,0
BRF:1
BRH:0
end_of_record
TN:
SF:src\app\modules\movies\movies-routing.module.ts
FNF:0
FNH:0
DA:8,1
DA:19,1
LF:2
LH:2
BRF:0
BRH:0
end_of_record
TN:
SF:src\app\modules\movies\components\add-movie\add-movie.component.ts
FN:16,(anonymous_0)
FN:39,(anonymous_1)
FN:43,(anonymous_2)
FN:51,(anonymous_3)
FNF:4
FNH:2
FNDA:1,(anonymous_0)
FNDA:1,(anonymous_1)
FNDA:0,(anonymous_2)
FNDA:0,(anonymous_3)
DA:12,1
DA:17,1
DA:19,1
DA:40,1
DA:46,0
DA:47,0
DA:52,0
DA:53,0
LF:8
LH:4
BRF:0
BRH:0
end_of_record
TN:
SF:src\app\modules\movies\components\movie-card\movie-card.component.ts
FN:14,(anonymous_0)
FN:16,(anonymous_1)
FNF:2
FNH:2
FNDA:5,(anonymous_0)
FNDA:5,(anonymous_1)
DA:9,1
DA:13,5
LF:2
LH:2
BRF:0
BRH:0
end_of_record
TN:
SF:src\app\modules\movies\components\movie-details\movie-details.component.ts
FN:33,(anonymous_0)
FN:47,(anonymous_1)
FN:48,(anonymous_2)
FN:53,(anonymous_3)
FN:57,(anonymous_4)
FN:71,(anonymous_5)
FN:76,(anonymous_6)
FN:84,(anonymous_7)
FN:85,(anonymous_8)
FN:91,(anonymous_9)
FN:94,(anonymous_10)
FN:98,(anonymous_11)
FN:102,(anonymous_12)
FN:120,(anonymous_13)
FN:151,(anonymous_14)
FNF:15
FNH:9
FNDA:12,(anonymous_0)
FNDA:12,(anonymous_1)
FNDA:12,(anonymous_2)
FNDA:0,(anonymous_3)
FNDA:0,(anonymous_4)
FNDA:1,(anonymous_5)
FNDA:1,(anonymous_6)
FNDA:0,(anonymous_7)
FNDA:0,(anonymous_8)
FNDA:2,(anonymous_9)
FNDA:1,(anonymous_10)
FNDA:2,(anonymous_11)
FNDA:4,(anonymous_12)
FNDA:0,(anonymous_13)
FNDA:0,(anonymous_14)
DA:16,1
DA:19,12
DA:21,12
DA:22,12
DA:23,12
DA:24,12
DA:34,12
DA:35,12
DA:36,12
DA:37,12
DA:38,12
DA:39,12
DA:41,12
DA:48,12
DA:49,12
DA:50,12
DA:54,0
DA:55,0
DA:58,0
DA:59,0
DA:60,0
DA:61,0
DA:62,0
DA:63,0
DA:67,12
DA:72,1
DA:73,1
DA:77,1
DA:78,1
DA:79,1
DA:80,0
DA:84,0
DA:86,0
DA:92,2
DA:95,1
DA:99,2
DA:103,4
DA:105,2
DA:106,2
DA:109,2
DA:110,2
DA:111,1
DA:112,1
DA:115,1
DA:116,1
DA:121,0
DA:122,0
DA:123,0
DA:124,0
DA:125,0
DA:129,0
DA:131,0
DA:133,0
DA:145,0
DA:147,0
DA:153,0
DA:156,0
LF:57
LH:34
BRDA:59,0,0,0
BRDA:59,0,1,0
BRDA:61,1,0,0
BRDA:78,2,0,1
BRDA:103,3,0,2
BRDA:110,4,0,1
BRDA:110,4,1,1
BRDA:110,5,0,2
BRDA:110,5,1,2
BRDA:129,6,0,0
BRF:10
BRH:6
end_of_record
TN:
SF:src\app\modules\movies\components\movie-editor\movie-editor.component.ts
FN:19,(anonymous_0)
FN:24,(anonymous_1)
FN:27,(anonymous_2)
FNF:3
FNH:2
FNDA:1,(anonymous_0)
FNDA:1,(anonymous_1)
FNDA:0,(anonymous_2)
DA:11,1
DA:13,1
DA:14,1
DA:15,1
DA:16,1
DA:17,1
DA:30,0
DA:31,0
DA:32,0
DA:33,0
LF:10
LH:6
BRF:0
BRH:0
end_of_record
TN:
SF:src\app\modules\movies\components\movie-list\movie-list.component.ts
FN:15,(anonymous_0)
FN:17,(anonymous_1)
FN:23,(anonymous_2)
FN:25,(anonymous_3)
FN:28,(anonymous_4)
FNF:5
FNH:2
FNDA:1,(anonymous_0)
FNDA:1,(anonymous_1)
FNDA:0,(anonymous_2)
FNDA:0,(anonymous_3)
FNDA:0,(anonymous_4)
DA:11,1
DA:12,1
DA:15,1
DA:19,1
DA:20,1
DA:24,0
DA:25,0
DA:29,0
LF:8
LH:5
BRF:0
BRH:0
end_of_record
TN:
SF:src\app\modules\movies\components\update-movie\update-movie.component.ts
FN:17,(anonymous_0)
FN:20,(anonymous_1)
FN:21,(anonymous_2)
FN:27,(anonymous_3)
FN:32,(anonymous_4)
FN:48,(anonymous_5)
FN:51,(anonymous_6)
FN:57,(anonymous_7)
FN:63,(anonymous_8)
FNF:9
FNH:8
FNDA:7,(anonymous_0)
FNDA:10,(anonymous_1)
FNDA:10,(anonymous_2)
FNDA:1,(anonymous_3)
FNDA:2,(anonymous_4)
FNDA:0,(anonymous_5)
FNDA:2,(anonymous_6)
FNDA:1,(anonymous_7)
FNDA:1,(anonymous_8)
DA:11,1
DA:13,7
DA:15,7
DA:17,7
DA:18,7
DA:19,7
DA:21,10
DA:22,10
DA:23,10
DA:24,10
DA:28,1
DA:29,1
DA:30,1
DA:33,2
DA:34,2
DA:35,1
DA:36,1
DA:37,1
DA:45,7
DA:46,7
DA:49,0
DA:53,2
DA:58,1
DA:59,1
DA:60,1
DA:64,1
DA:69,1
DA:70,1
DA:71,1
DA:72,1
DA:75,0
DA:76,0
LF:32
LH:29
BRDA:34,0,0,1
BRDA:34,0,1,1
BRDA:36,1,0,1
BRDA:69,2,0,1
BRDA:69,2,1,0
BRF:5
BRH:4
end_of_record
TN:
SF:src\app\modules\movies\services\http-movie-service.ts
FN:15,(anonymous_0)
FN:19,(anonymous_1)
FN:22,(anonymous_2)
FN:27,(anonymous_3)
FN:32,(anonymous_4)
FN:38,(anonymous_5)
FN:44,(anonymous_6)
FN:50,(anonymous_7)
FN:56,(anonymous_8)
FN:65,(anonymous_9)
FN:72,(anonymous_10)
FN:75,(anonymous_11)
FNF:12
FNH:7
FNDA:21,(anonymous_0)
FNDA:0,(anonymous_1)
FNDA:0,(anonymous_2)
FNDA:0,(anonymous_3)
FNDA:4,(anonymous_4)
FNDA:13,(anonymous_5)
FNDA:1,(anonymous_6)
FNDA:1,(anonymous_7)
FNDA:1,(anonymous_8)
FNDA:1,(anonymous_9)
FNDA:0,(anonymous_10)
FNDA:0,(anonymous_11)
DA:8,1
DA:13,1
DA:16,21
DA:17,21
DA:19,0
DA:22,0
DA:28,0
DA:29,0
DA:33,4
DA:39,13
DA:45,1
DA:51,1
DA:57,1
DA:66,1
DA:74,0
DA:75,0
LF:16
LH:10
BRF:0
BRH:0
end_of_record
TN:
SF:src\app\modules\movies\test-data\db-movies.ts
FNF:0
FNH:0
DA:1,1
DA:38,1
LF:2
LH:2
BRF:0
BRH:0
end_of_record
TN:
SF:src\app\modules\shared\components\popup\popup.component.ts
FN:10,(anonymous_0)
FN:12,(anonymous_1)
FN:28,(anonymous_2)
FN:36,(anonymous_3)
FN:40,(anonymous_4)
FNF:5
FNH:3
FNDA:2,(anonymous_0)
FNDA:2,(anonymous_1)
FNDA:1,(anonymous_2)
FNDA:0,(anonymous_3)
FNDA:0,(anonymous_4)
DA:8,1
DA:15,2
DA:16,2
DA:17,2
DA:18,2
DA:19,2
DA:20,2
DA:21,2
DA:24,2
DA:25,2
DA:26,2
DA:29,1
DA:30,1
DA:31,1
DA:32,1
DA:37,0
DA:41,0
LF:17
LH:15
BRDA:30,0,0,1
BRF:1
BRH:1
end_of_record
TN:
SF:src\app\modules\shared\directive\compare.directive.ts
FN:11,(anonymous_0)
FN:14,(anonymous_2)
FN:16,(anonymous_3)
FNF:3
FNH:2
FNDA:0,(anonymous_0)
FNDA:1,(anonymous_2)
FNDA:7,(anonymous_3)
DA:10,1
DA:14,1
DA:16,1
DA:17,7
DA:18,7
DA:19,7
DA:20,7
DA:23,7
DA:24,7
DA:26,0
LF:10
LH:9
BRDA:23,0,0,7
BRDA:23,0,1,0
BRF:2
BRH:1
end_of_record
TN:
SF:src\app\modules\shared\directive\unique.email.directive.ts
FN:15,(anonymous_0)
FN:17,(anonymous_1)
FN:21,(anonymous_2)
FN:26,(anonymous_4)
FN:28,(anonymous_5)
FN:34,(anonymous_6)
FNF:6
FNH:1
FNDA:0,(anonymous_0)
FNDA:0,(anonymous_1)
FNDA:0,(anonymous_2)
FNDA:1,(anonymous_4)
FNDA:0,(anonymous_5)
FNDA:0,(anonymous_6)
DA:13,1
DA:15,0
DA:18,0
DA:26,1
DA:28,1
DA:31,0
DA:35,0
DA:36,0
DA:38,0
DA:43,1
LF:10
LH:4
BRDA:35,0,0,0
BRDA:35,0,1,0
BRF:2
BRH:0
end_of_record
TN:
SF:src\app\modules\shared\pipes\movie-search.pipes.ts
FN:7,(anonymous_0)
FN:8,(anonymous_1)
FNF:2
FNH:2
FNDA:2,(anonymous_0)
FNDA:4,(anonymous_1)
DA:6,1
DA:8,4
LF:2
LH:2
BRF:0
BRH:0
end_of_record
TN:
SF:src\app\modules\users\components\account\account.component.ts
FN:12,(anonymous_0)
FN:13,(anonymous_1)
FN:21,(anonymous_2)
FN:31,(anonymous_3)
FN:35,(anonymous_4)
FN:39,(anonymous_5)
FNF:6
FNH:4
FNDA:2,(anonymous_0)
FNDA:1,(anonymous_1)
FNDA:2,(anonymous_2)
FNDA:0,(anonymous_3)
FNDA:2,(anonymous_4)
FNDA:0,(anonymous_5)
DA:10,1
DA:12,2
DA:14,1
DA:15,1
DA:17,0
DA:22,2
DA:23,2
DA:24,2
DA:25,2
DA:28,2
DA:31,0
DA:37,2
DA:40,0
LF:13
LH:10
BRDA:14,0,0,1
BRDA:14,0,1,0
BRDA:24,1,0,2
BRF:3
BRH:2
end_of_record
TN:
SF:src\app\modules\users\components\user-login-screen\user-login-screen.component.ts
FN:14,(anonymous_0)
FN:28,(anonymous_1)
FN:34,(anonymous_2)
FN:42,(anonymous_3)
FN:54,(anonymous_4)
FNF:5
FNH:2
FNDA:1,(anonymous_0)
FNDA:0,(anonymous_1)
FNDA:0,(anonymous_2)
FNDA:0,(anonymous_3)
FNDA:1,(anonymous_4)
DA:13,1
DA:15,1
DA:16,1
DA:19,1
DA:29,0
DA:35,0
DA:36,0
DA:37,0
DA:38,0
DA:39,0
DA:43,0
DA:44,0
DA:48,0
DA:49,0
LF:14
LH:4
BRF:0
BRH:0
end_of_record
TN:
SF:src\app\modules\users\components\user-register-screen\user-register-screen.component.ts
FN:21,(anonymous_0)
FN:46,(anonymous_1)
FN:63,(anonymous_2)
FN:66,(anonymous_3)
FN:70,(anonymous_4)
FN:78,(anonymous_5)
FNF:6
FNH:2
FNDA:1,(anonymous_0)
FNDA:0,(anonymous_1)
FNDA:0,(anonymous_2)
FNDA:0,(anonymous_3)
FNDA:0,(anonymous_4)
FNDA:1,(anonymous_5)
DA:16,1
DA:18,1
DA:19,1
DA:21,1
DA:22,1
DA:23,1
DA:25,1
DA:31,1
DA:47,0
DA:48,0
DA:49,0
DA:50,0
DA:52,0
DA:56,0
DA:58,0
DA:63,0
DA:67,0
DA:68,0
DA:70,0
LF:19
LH:8
BRDA:48,0,0,0
BRF:1
BRH:0
end_of_record
TN:
SF:src\app\modules\users\services\http-user-service.ts
FN:15,(anonymous_0)
FN:25,(anonymous_1)
FN:29,(anonymous_2)
FN:41,(anonymous_3)
FN:50,(anonymous_4)
FN:55,(anonymous_5)
FN:62,(anonymous_6)
FN:68,(anonymous_7)
FN:72,(anonymous_8)
FN:75,(anonymous_9)
FN:81,(anonymous_10)
FN:86,(anonymous_11)
FN:90,(anonymous_12)
FNF:13
FNH:10
FNDA:39,(anonymous_0)
FNDA:4,(anonymous_1)
FNDA:1,(anonymous_2)
FNDA:40,(anonymous_3)
FNDA:1,(anonymous_4)
FNDA:1,(anonymous_5)
FNDA:1,(anonymous_6)
FNDA:0,(anonymous_7)
FNDA:0,(anonymous_8)
FNDA:1,(anonymous_9)
FNDA:1,(anonymous_10)
FNDA:4,(anonymous_11)
FNDA:0,(anonymous_12)
DA:8,1
DA:13,1
DA:15,39
DA:16,39
DA:17,39
DA:18,39
DA:19,39
DA:20,39
DA:26,4
DA:30,1
DA:31,0
DA:33,1
DA:38,39
DA:42,40
DA:43,40
DA:44,40
DA:45,40
DA:47,0
DA:51,1
DA:56,1
DA:57,1
DA:63,1
DA:69,0
DA:70,0
DA:72,0
DA:77,1
DA:81,1
DA:87,4
DA:92,0
DA:93,0
DA:94,0
LF:31
LH:23
BRDA:16,0,0,39
BRDA:18,1,0,39
BRDA:30,2,0,0
BRDA:30,2,1,1
BRDA:44,3,0,40
BRDA:44,3,1,0
BRDA:69,4,0,0
BRDA:69,4,1,0
BRF:8
BRH:4
end_of_record
TN:
SF:src\app\modules\users\test-data\db.user.ts
FNF:0
FNH:0
DA:2,1
DA:8,1
DA:14,1
LF:3
LH:3
BRF:0
BRH:0
end_of_record
